<html>
<head>
<title>TestNG:  Test</title>
<link href="../testng.css" rel="stylesheet" type="text/css" />
<link href="../my-testng.css" rel="stylesheet" type="text/css" />

<style type="text/css">
.log { display: none;} 
.stack-trace { display: none;} 
</style>
<script type="text/javascript">
<!--
function flip(e) {
  current = e.style.display;
  if (current == 'block') {
    e.style.display = 'none';
    return 0;
  }
  else {
    e.style.display = 'block';
    return 1;
  }
}

function toggleBox(szDivId, elem, msg1, msg2)
{
  var res = -1;  if (document.getElementById) {
    res = flip(document.getElementById(szDivId));
  }
  else if (document.all) {
    // this is the way old msie versions work
    res = flip(document.all[szDivId]);
  }
  if(elem) {
    if(res == 0) elem.innerHTML = msg1; else elem.innerHTML = msg2;
  }

}

function toggleAllBoxes() {
  if (document.getElementsByTagName) {
    d = document.getElementsByTagName('div');
    for (i = 0; i < d.length; i++) {
      if (d[i].className == 'log') {
        flip(d[i]);
      }
    }
  }
}

// -->
</script>

</head>
<body>
<h2 align='center'>Test</h2><table border='1' align="center">
<tr>
<td>Tests passed/Failed/Skipped:</td><td>20/1/0</td>
</tr><tr>
<td>Started on:</td><td>Sat Oct 07 23:35:48 IST 2023</td>
</tr>
<tr><td>Total time:</td><td>91 seconds (91225 ms)</td>
</tr><tr>
<td>Included groups:</td><td></td>
</tr><tr>
<td>Excluded groups:</td><td></td>
</tr>
</table><p/>
<small><i>(Hover the method name to see the test class name)</i></small><p/>
<table width='100%' border='1' class='invocation-failed'>
<tr><td colspan='4' align='center'><b>FAILED TESTS</b></td></tr>
<tr><td><b>Test method</b></td>
<td width="30%"><b>Exception</b></td>
<td width="10%"><b>Time (seconds)</b></td>
<td><b>Instance</b></td>
</tr>
<tr>
<td title='testClasses.CarEMICalculator.printResultOnConsole()'><b>printResultOnConsole</b><br>Test class: testClasses.CarEMICalculator</td>
<td><div><pre>java.lang.AssertionError: no such element: Unable to locate element: {&quot;method&quot;:&quot;css selector&quot;,&quot;selector&quot;:&quot;#year2022&quot;}
  (Session info: chrome=117.0.5938.150)
For documentation on this error, please visit: https://www.selenium.dev/documentation/webdriver/troubleshooting/errors#no-such-element-exception
Build info: version: &apos;4.12.1&apos;, revision: &apos;8e34639b11&apos;
System info: os.name: &apos;Windows 11&apos;, os.arch: &apos;amd64&apos;, os.version: &apos;10.0&apos;, java.version: &apos;17.0.2&apos;
Driver info: org.openqa.selenium.chrome.ChromeDriver
Command: [2fd827fc2ddd0508911c34935f284de3, findElement {using=id, value=year2022}]
Capabilities {acceptInsecureCerts: false, browserName: chrome, browserVersion: 117.0.5938.150, chrome: {chromedriverVersion: 117.0.5938.149 (e3344ddefa1..., userDataDir: C:\Users\AASHIS~1\AppData\L...}, fedcm:accounts: true, goog:chromeOptions: {debuggerAddress: localhost:61124}, networkConnectionEnabled: false, pageLoadStrategy: normal, platformName: windows, proxy: Proxy(), se:cdp: ws://localhost:61124/devtoo..., se:cdpVersion: 117.0.5938.150, setWindowRect: true, strictFileInteractability: false, timeouts: {implicit: 0, pageLoad: 300000, script: 30000}, unhandledPromptBehavior: dismiss and notify, webauthn:extension:credBlob: true, webauthn:extension:largeBlob: true, webauthn:extension:minPinLength: true, webauthn:extension:prf: true, webauthn:virtualAuthenticators: true}
Session ID: 2fd827fc2ddd0508911c34935f284de3
	at baseClasses.BaseClass.reportFail(BaseClass.java:123)
	at baseClasses.BaseClass.findByKey(BaseClass.java:111)
	at pageClasses.HomePage.getdata(HomePage.java:91)
	at testClasses.CarEMICalculator.printResultOnConsole(CarEMICalculator.java:35)
	at java.base/java.util.ArrayList.forEach(ArrayList.java:1511)
... Removed 28 stack frames</pre></div><a href='#' onClick='toggleBox("stack-trace623757508", this, "Click to show all stack frames", "Click to hide stack frames")'>Click to show all stack frames</a>
<div class='stack-trace' id='stack-trace623757508'><pre>java.lang.AssertionError: no such element: Unable to locate element: {&quot;method&quot;:&quot;css selector&quot;,&quot;selector&quot;:&quot;#year2022&quot;}
  (Session info: chrome=117.0.5938.150)
For documentation on this error, please visit: https://www.selenium.dev/documentation/webdriver/troubleshooting/errors#no-such-element-exception
Build info: version: &apos;4.12.1&apos;, revision: &apos;8e34639b11&apos;
System info: os.name: &apos;Windows 11&apos;, os.arch: &apos;amd64&apos;, os.version: &apos;10.0&apos;, java.version: &apos;17.0.2&apos;
Driver info: org.openqa.selenium.chrome.ChromeDriver
Command: [2fd827fc2ddd0508911c34935f284de3, findElement {using=id, value=year2022}]
Capabilities {acceptInsecureCerts: false, browserName: chrome, browserVersion: 117.0.5938.150, chrome: {chromedriverVersion: 117.0.5938.149 (e3344ddefa1..., userDataDir: C:\Users\AASHIS~1\AppData\L...}, fedcm:accounts: true, goog:chromeOptions: {debuggerAddress: localhost:61124}, networkConnectionEnabled: false, pageLoadStrategy: normal, platformName: windows, proxy: Proxy(), se:cdp: ws://localhost:61124/devtoo..., se:cdpVersion: 117.0.5938.150, setWindowRect: true, strictFileInteractability: false, timeouts: {implicit: 0, pageLoad: 300000, script: 30000}, unhandledPromptBehavior: dismiss and notify, webauthn:extension:credBlob: true, webauthn:extension:largeBlob: true, webauthn:extension:minPinLength: true, webauthn:extension:prf: true, webauthn:virtualAuthenticators: true}
Session ID: 2fd827fc2ddd0508911c34935f284de3
	at org.testng.Assert.fail(Assert.java:99)
	at baseClasses.BaseClass.reportFail(BaseClass.java:123)
	at baseClasses.BaseClass.findByKey(BaseClass.java:111)
	at pageClasses.HomePage.getdata(HomePage.java:91)
	at testClasses.CarEMICalculator.printResultOnConsole(CarEMICalculator.java:35)
	at java.base/jdk.internal.reflect.NativeMethodAccessorImpl.invoke0(Native Method)
	at java.base/jdk.internal.reflect.NativeMethodAccessorImpl.invoke(NativeMethodAccessorImpl.java:77)
	at java.base/jdk.internal.reflect.DelegatingMethodAccessorImpl.invoke(DelegatingMethodAccessorImpl.java:43)
	at java.base/java.lang.reflect.Method.invoke(Method.java:568)
	at org.testng.internal.MethodInvocationHelper.invokeMethod(MethodInvocationHelper.java:133)
	at org.testng.internal.TestInvoker.invokeMethod(TestInvoker.java:598)
	at org.testng.internal.TestInvoker.invokeTestMethod(TestInvoker.java:173)
	at org.testng.internal.MethodRunner.runInSequence(MethodRunner.java:46)
	at org.testng.internal.TestInvoker$MethodInvocationAgent.invoke(TestInvoker.java:824)
	at org.testng.internal.TestInvoker.invokeTestMethods(TestInvoker.java:146)
	at org.testng.internal.TestMethodWorker.invokeTestMethods(TestMethodWorker.java:146)
	at org.testng.internal.TestMethodWorker.run(TestMethodWorker.java:128)
	at java.base/java.util.ArrayList.forEach(ArrayList.java:1511)
	at org.testng.TestRunner.privateRun(TestRunner.java:794)
	at org.testng.TestRunner.run(TestRunner.java:596)
	at org.testng.SuiteRunner.runTest(SuiteRunner.java:377)
	at org.testng.SuiteRunner.runSequentially(SuiteRunner.java:371)
	at org.testng.SuiteRunner.privateRun(SuiteRunner.java:332)
	at org.testng.SuiteRunner.run(SuiteRunner.java:276)
	at org.testng.SuiteRunnerWorker.runSuite(SuiteRunnerWorker.java:53)
	at org.testng.SuiteRunnerWorker.run(SuiteRunnerWorker.java:96)
	at org.testng.TestNG.runSuitesSequentially(TestNG.java:1212)
	at org.testng.TestNG.runSuitesLocally(TestNG.java:1134)
	at org.testng.TestNG.runSuites(TestNG.java:1063)
	at org.testng.TestNG.run(TestNG.java:1031)
	at org.testng.remote.AbstractRemoteTestNG.run(AbstractRemoteTestNG.java:115)
	at org.testng.remote.RemoteTestNG.initAndRun(RemoteTestNG.java:251)
	at org.testng.remote.RemoteTestNG.main(RemoteTestNG.java:77)
</pre></div></td>
<td>15</td>
<td>testClasses.CarEMICalculator@3e0e1046</td></tr>
</table><p>
<table width='100%' border='1' class='invocation-passed'>
<tr><td colspan='4' align='center'><b>PASSED TESTS</b></td></tr>
<tr><td><b>Test method</b></td>
<td width="30%"><b>Exception</b></td>
<td width="10%"><b>Time (seconds)</b></td>
<td><b>Instance</b></td>
</tr>
<tr>
<td title='testClasses.LoanCalculator_Amount_UI_Check.interestRateUICheck()'><b>interestRateUICheck</b><br>Test class: testClasses.LoanCalculator_Amount_UI_Check</td>
<td></td>
<td>0</td>
<td>testClasses.LoanCalculator_Amount_UI_Check@5efa40fe</td></tr>
<tr>
<td title='testClasses.LoanCalculator_Amount_UI_Check.feeChargeUICheck()'><b>feeChargeUICheck</b><br>Test class: testClasses.LoanCalculator_Amount_UI_Check</td>
<td></td>
<td>2</td>
<td>testClasses.LoanCalculator_Amount_UI_Check@5efa40fe</td></tr>
<tr>
<td title='testClasses.LoanCalculator_EMI_UI_Check.loanAmountUICheck()'><b>loanAmountUICheck</b><br>Test class: testClasses.LoanCalculator_EMI_UI_Check</td>
<td></td>
<td>1</td>
<td>testClasses.LoanCalculator_EMI_UI_Check@5d908d47</td></tr>
<tr>
<td title='testClasses.HomeLoanEMICalculator.storeData()'><b>storeData</b><br>Test class: testClasses.HomeLoanEMICalculator</td>
<td></td>
<td>6</td>
<td>testClasses.HomeLoanEMICalculator@23941fb4</td></tr>
<tr>
<td title='testClasses.LoanCalculator_Tenure_UI_Check.feeChargeUICheck()'><b>feeChargeUICheck</b><br>Test class: testClasses.LoanCalculator_Tenure_UI_Check</td>
<td></td>
<td>0</td>
<td>testClasses.LoanCalculator_Tenure_UI_Check@1f9f6368</td></tr>
<tr>
<td title='testClasses.LoanCalculator_Tenure_UI_Check.navigateToTenureCalculator()'><b>navigateToTenureCalculator</b><br>Test class: testClasses.LoanCalculator_Tenure_UI_Check</td>
<td></td>
<td>2</td>
<td>testClasses.LoanCalculator_Tenure_UI_Check@1f9f6368</td></tr>
<tr>
<td title='testClasses.LoanCalculator_Tenure_UI_Check.loanAmountUICheck()'><b>loanAmountUICheck</b><br>Test class: testClasses.LoanCalculator_Tenure_UI_Check</td>
<td></td>
<td>1</td>
<td>testClasses.LoanCalculator_Tenure_UI_Check@1f9f6368</td></tr>
<tr>
<td title='testClasses.LoanCalculator_Tenure_UI_Check.emiUICheck()'><b>emiUICheck</b><br>Test class: testClasses.LoanCalculator_Tenure_UI_Check</td>
<td></td>
<td>1</td>
<td>testClasses.LoanCalculator_Tenure_UI_Check@1f9f6368</td></tr>
<tr>
<td title='testClasses.HomeLoanEMICalculator.navigateToHomeLoan()'><b>navigateToHomeLoan</b><br>Test class: testClasses.HomeLoanEMICalculator</td>
<td></td>
<td>3</td>
<td>testClasses.HomeLoanEMICalculator@23941fb4</td></tr>
<tr>
<td title='testClasses.LoanCalculator_EMI_UI_Check.navigateToEMICalculator()'><b>navigateToEMICalculator</b><br>Test class: testClasses.LoanCalculator_EMI_UI_Check</td>
<td></td>
<td>2</td>
<td>testClasses.LoanCalculator_EMI_UI_Check@5d908d47</td></tr>
<tr>
<td title='testClasses.LoanCalculator_Amount_UI_Check.loantermUICheck()'><b>loantermUICheck</b><br>Test class: testClasses.LoanCalculator_Amount_UI_Check</td>
<td></td>
<td>1</td>
<td>testClasses.LoanCalculator_Amount_UI_Check@5efa40fe</td></tr>
<tr>
<td title='testClasses.HomeLoanEMICalculator.fillRelevantData()'><b>fillRelevantData</b><br>Test class: testClasses.HomeLoanEMICalculator</td>
<td></td>
<td>5</td>
<td>testClasses.HomeLoanEMICalculator@23941fb4</td></tr>
<tr>
<td title='testClasses.LoanCalculator_EMI_UI_Check.loanTermUICheck()'><b>loanTermUICheck</b><br>Test class: testClasses.LoanCalculator_EMI_UI_Check</td>
<td></td>
<td>1</td>
<td>testClasses.LoanCalculator_EMI_UI_Check@5d908d47</td></tr>
<tr>
<td title='testClasses.CarEMICalculator.navigateToCarEMI()'><b>navigateToCarEMI</b><br>Test class: testClasses.CarEMICalculator</td>
<td></td>
<td>0</td>
<td>testClasses.CarEMICalculator@3e0e1046</td></tr>
<tr>
<td title='testClasses.LoanCalculator_Amount_UI_Check.emiUICheck()'><b>emiUICheck</b><br>Test class: testClasses.LoanCalculator_Amount_UI_Check</td>
<td></td>
<td>1</td>
<td>testClasses.LoanCalculator_Amount_UI_Check@5efa40fe</td></tr>
<tr>
<td title='testClasses.LoanCalculator_EMI_UI_Check.interestRateUICheck()'><b>interestRateUICheck</b><br>Test class: testClasses.LoanCalculator_EMI_UI_Check</td>
<td></td>
<td>1</td>
<td>testClasses.LoanCalculator_EMI_UI_Check@5d908d47</td></tr>
<tr>
<td title='testClasses.LoanCalculator_Tenure_UI_Check.interestRateUICheck()'><b>interestRateUICheck</b><br>Test class: testClasses.LoanCalculator_Tenure_UI_Check</td>
<td></td>
<td>1</td>
<td>testClasses.LoanCalculator_Tenure_UI_Check@1f9f6368</td></tr>
<tr>
<td title='testClasses.CarEMICalculator.fillData()'><b>fillData</b><br>Test class: testClasses.CarEMICalculator</td>
<td></td>
<td>1</td>
<td>testClasses.CarEMICalculator@3e0e1046</td></tr>
<tr>
<td title='testClasses.LoanCalculator_EMI_UI_Check.feeChargeUICheck()'><b>feeChargeUICheck</b><br>Test class: testClasses.LoanCalculator_EMI_UI_Check</td>
<td></td>
<td>2</td>
<td>testClasses.LoanCalculator_EMI_UI_Check@5d908d47</td></tr>
<tr>
<td title='testClasses.LoanCalculator_Amount_UI_Check.navigateToAmountCalculator()'><b>navigateToAmountCalculator</b><br>Test class: testClasses.LoanCalculator_Amount_UI_Check</td>
<td></td>
<td>2</td>
<td>testClasses.LoanCalculator_Amount_UI_Check@5efa40fe</td></tr>
</table><p>
</body>
</html>