<?xml version="1.0" encoding="UTF-8"?>
<!-- Generated by org.testng.reporters.JUnitXMLReporter -->
<testsuite ignored="4" hostname="LAPTOP-JOF3SAFA" failures="1" tests="21" name="Test" time="91.225" errors="0" timestamp="2023-10-07T23:37:20 IST">
  <testcase classname="testClasses.CarEMICalculator" name="navigateToCarEMI" time="0.593"/>
  <testcase classname="testClasses.CarEMICalculator" name="fillData" time="1.564"/>
  <testcase classname="testClasses.CarEMICalculator" name="printResultOnConsole" time="15.198">
    <failure type="java.lang.AssertionError" message="no such element: Unable to locate element: {&amp;quot;method&amp;quot;:&amp;quot;css selector&amp;quot;,&amp;quot;selector&amp;quot;:&amp;quot;#year2022&amp;quot;}
  (Session info: chrome=117.0.5938.150)
For documentation on this error, please visit: https://www.selenium.dev/documentation/webdriver/troubleshooting/errors#no-such-element-exception
Build info: version: &amp;apos;4.12.1&amp;apos;, revision: &amp;apos;8e34639b11&amp;apos;
System info: os.name: &amp;apos;Windows 11&amp;apos;, os.arch: &amp;apos;amd64&amp;apos;, os.version: &amp;apos;10.0&amp;apos;, java.version: &amp;apos;17.0.2&amp;apos;
Driver info: org.openqa.selenium.chrome.ChromeDriver
Command: [2fd827fc2ddd0508911c34935f284de3, findElement {using=id, value=year2022}]
Capabilities {acceptInsecureCerts: false, browserName: chrome, browserVersion: 117.0.5938.150, chrome: {chromedriverVersion: 117.0.5938.149 (e3344ddefa1..., userDataDir: C:\Users\AASHIS~1\AppData\L...}, fedcm:accounts: true, goog:chromeOptions: {debuggerAddress: localhost:61124}, networkConnectionEnabled: false, pageLoadStrategy: normal, platformName: windows, proxy: Proxy(), se:cdp: ws://localhost:61124/devtoo..., se:cdpVersion: 117.0.5938.150, setWindowRect: true, strictFileInteractability: false, timeouts: {implicit: 0, pageLoad: 300000, script: 30000}, unhandledPromptBehavior: dismiss and notify, webauthn:extension:credBlob: true, webauthn:extension:largeBlob: true, webauthn:extension:minPinLength: true, webauthn:extension:prf: true, webauthn:virtualAuthenticators: true}
Session ID: 2fd827fc2ddd0508911c34935f284de3">
      <![CDATA[java.lang.AssertionError: no such element: Unable to locate element: {"method":"css selector","selector":"#year2022"}
  (Session info: chrome=117.0.5938.150)
For documentation on this error, please visit: https://www.selenium.dev/documentation/webdriver/troubleshooting/errors#no-such-element-exception
Build info: version: '4.12.1', revision: '8e34639b11'
System info: os.name: 'Windows 11', os.arch: 'amd64', os.version: '10.0', java.version: '17.0.2'
Driver info: org.openqa.selenium.chrome.ChromeDriver
Command: [2fd827fc2ddd0508911c34935f284de3, findElement {using=id, value=year2022}]
Capabilities {acceptInsecureCerts: false, browserName: chrome, browserVersion: 117.0.5938.150, chrome: {chromedriverVersion: 117.0.5938.149 (e3344ddefa1..., userDataDir: C:\Users\AASHIS~1\AppData\L...}, fedcm:accounts: true, goog:chromeOptions: {debuggerAddress: localhost:61124}, networkConnectionEnabled: false, pageLoadStrategy: normal, platformName: windows, proxy: Proxy(), se:cdp: ws://localhost:61124/devtoo..., se:cdpVersion: 117.0.5938.150, setWindowRect: true, strictFileInteractability: false, timeouts: {implicit: 0, pageLoad: 300000, script: 30000}, unhandledPromptBehavior: dismiss and notify, webauthn:extension:credBlob: true, webauthn:extension:largeBlob: true, webauthn:extension:minPinLength: true, webauthn:extension:prf: true, webauthn:virtualAuthenticators: true}
Session ID: 2fd827fc2ddd0508911c34935f284de3
at baseClasses.BaseClass.reportFail(BaseClass.java:123)
at baseClasses.BaseClass.findByKey(BaseClass.java:111)
at pageClasses.HomePage.getdata(HomePage.java:91)
at testClasses.CarEMICalculator.printResultOnConsole(CarEMICalculator.java:35)
at java.base/java.util.ArrayList.forEach(ArrayList.java:1511)
... Removed 28 stack frames]]>
    </failure>
  </testcase> <!-- printResultOnConsole -->
  <testcase classname="testClasses.HomeLoanEMICalculator" name="navigateToHomeLoan" time="3.778"/>
  <testcase classname="testClasses.HomeLoanEMICalculator" name="fillRelevantData" time="5.232"/>
  <testcase classname="testClasses.HomeLoanEMICalculator" name="storeData" time="6.053"/>
  <testcase classname="testClasses.LoanCalculator_EMI_UI_Check" name="navigateToEMICalculator" time="2.526"/>
  <testcase classname="testClasses.LoanCalculator_EMI_UI_Check" name="loanAmountUICheck" time="1.185"/>
  <testcase classname="testClasses.LoanCalculator_EMI_UI_Check" name="interestRateUICheck" time="1.085"/>
  <testcase classname="testClasses.LoanCalculator_EMI_UI_Check" name="loanTermUICheck" time="1.373"/>
  <testcase classname="testClasses.LoanCalculator_EMI_UI_Check" name="feeChargeUICheck" time="2.214"/>
  <testcase classname="testClasses.LoanCalculator_Amount_UI_Check" name="navigateToAmountCalculator" time="2.874"/>
  <testcase classname="testClasses.LoanCalculator_Amount_UI_Check" name="emiUICheck" time="1.019"/>
  <testcase classname="testClasses.LoanCalculator_Amount_UI_Check" name="interestRateUICheck" time="0.932"/>
  <testcase classname="testClasses.LoanCalculator_Amount_UI_Check" name="loantermUICheck" time="1.324"/>
  <testcase classname="testClasses.LoanCalculator_Amount_UI_Check" name="feeChargeUICheck" time="2.194"/>
  <testcase classname="testClasses.LoanCalculator_Tenure_UI_Check" name="navigateToTenureCalculator" time="2.756"/>
  <testcase classname="testClasses.LoanCalculator_Tenure_UI_Check" name="loanAmountUICheck" time="1.151"/>
  <testcase classname="testClasses.LoanCalculator_Tenure_UI_Check" name="interestRateUICheck" time="1.082"/>
  <testcase classname="testClasses.LoanCalculator_Tenure_UI_Check" name="emiUICheck" time="1.059"/>
  <testcase classname="testClasses.LoanCalculator_Tenure_UI_Check" name="feeChargeUICheck" time="0.993"/>
  <testcase classname="baseClasses.BaseClass" name="@BeforeTest loadConfig" time="0.0">
    <ignored/>
  </testcase> <!-- @BeforeTest loadConfig -->
  <testcase classname="baseClasses.BaseClass" name="@BeforeTest loadConfig" time="0.0">
    <ignored/>
  </testcase> <!-- @BeforeTest loadConfig -->
  <testcase classname="baseClasses.BaseClass" name="@BeforeTest loadConfig" time="0.0">
    <ignored/>
  </testcase> <!-- @BeforeTest loadConfig -->
  <testcase classname="baseClasses.BaseClass" name="@BeforeTest loadConfig" time="0.0">
    <ignored/>
  </testcase> <!-- @BeforeTest loadConfig -->
</testsuite> <!-- Test -->
